addpost/app/build/intermediates/manifest_merge_blame_file/debug/processDebugMainManifest/manifest-merger-blame-debug-report.txt
1<?xml version="1.0" encoding="utf-8"?>
2<manifest xmlns:android="http://schemas.android.com/apk/res/android"
3    package="com.example.projectgoteat"
4    android:versionCode="1"
5    android:versionName="1.0" >
6
7    <uses-sdk
8        android:minSdkVersion="24"
9        android:targetSdkVersion="34" />
10
11    <uses-permission android:name="android.permission.INTERNET" />
11-->src/main/AndroidManifest.xml:6:5-67
11-->src/main/AndroidManifest.xml:6:22-64
12    <uses-permission android:name="android.permission.ACCESS_COARSE_LOCATION" />
12-->src/main/AndroidManifest.xml:7:5-81
12-->src/main/AndroidManifest.xml:7:22-78
13    <uses-permission android:name="android.permission.ACCESS_FINE_LOCATION" />
13-->src/main/AndroidManifest.xml:8:5-79
13-->src/main/AndroidManifest.xml:8:22-76
14    <uses-permission android:name="android.permission.READ_MEDIA_IMAGES" />
14-->src/main/AndroidManifest.xml:9:5-75
14-->src/main/AndroidManifest.xml:9:22-73
15    <uses-permission android:name="android.permission.READ_MEDIA_VIDEO" />
15-->src/main/AndroidManifest.xml:10:5-74
15-->src/main/AndroidManifest.xml:10:22-72
16    <uses-permission android:name="android.permission.READ_MEDIA_AUDIO" />
16-->src/main/AndroidManifest.xml:11:5-74
16-->src/main/AndroidManifest.xml:11:22-72
17    <uses-permission android:name="android.permission.WRITE_EXTERNAL_STORAGE" />
17-->src/main/AndroidManifest.xml:12:5-80
17-->src/main/AndroidManifest.xml:12:22-78
18
19    <!-- Include required permissions for Google Maps API to run. -->
20    <uses-permission android:name="android.permission.ACCESS_NETWORK_STATE" />
20-->[com.google.android.gms:play-services-maps:18.0.0] AndroidManifest.xml:23:5-79
20-->[com.google.android.gms:play-services-maps:18.0.0] AndroidManifest.xml:23:22-76
21
22    <uses-feature
22-->[com.google.android.gms:play-services-maps:18.0.0] AndroidManifest.xml:26:5-28:35
23        android:glEsVersion="0x00020000"
23-->[com.google.android.gms:play-services-maps:18.0.0] AndroidManifest.xml:27:9-41
24        android:required="true" />
24-->[com.google.android.gms:play-services-maps:18.0.0] AndroidManifest.xml:28:9-32
25
26    <queries>
26-->[com.google.android.gms:play-services-maps:18.0.0] AndroidManifest.xml:30:5-34:15
27
28        <!-- Needs to be explicitly declared on Android R+ -->
29        <package android:name="com.google.android.apps.maps" />
29-->[com.google.android.gms:play-services-maps:18.0.0] AndroidManifest.xml:33:9-64
29-->[com.google.android.gms:play-services-maps:18.0.0] AndroidManifest.xml:33:18-61
30    </queries>
31
32    <permission
32-->[androidx.core:core:1.13.0] AndroidManifest.xml:22:5-24:47
33        android:name="com.example.projectgoteat.DYNAMIC_RECEIVER_NOT_EXPORTED_PERMISSION"
33-->[androidx.core:core:1.13.0] AndroidManifest.xml:23:9-81
34        android:protectionLevel="signature" />
34-->[androidx.core:core:1.13.0] AndroidManifest.xml:24:9-44
35
36    <uses-permission android:name="com.example.projectgoteat.DYNAMIC_RECEIVER_NOT_EXPORTED_PERMISSION" />
36-->[androidx.core:core:1.13.0] AndroidManifest.xml:26:5-97
36-->[androidx.core:core:1.13.0] AndroidManifest.xml:26:22-94
37
38    <application
38-->src/main/AndroidManifest.xml:15:5-43:19
39        android:allowBackup="true"
39-->src/main/AndroidManifest.xml:16:9-35
40        android:appComponentFactory="androidx.core.app.CoreComponentFactory"
40-->[androidx.core:core:1.13.0] AndroidManifest.xml:28:18-86
41        android:dataExtractionRules="@xml/data_extraction_rules"
41-->src/main/AndroidManifest.xml:17:9-65
42        android:debuggable="true"
43        android:extractNativeLibs="false"
44        android:fullBackupContent="@xml/backup_rules"
44-->src/main/AndroidManifest.xml:18:9-54
45        android:icon="@mipmap/ic_launcher"
45-->src/main/AndroidManifest.xml:19:9-43
46        android:label="@string/app_name"
46-->src/main/AndroidManifest.xml:20:9-41
47        android:requestLegacyExternalStorage="true"
47-->src/main/AndroidManifest.xml:26:9-52
48        android:roundIcon="@mipmap/ic_launcher_round"
48-->src/main/AndroidManifest.xml:21:9-54
49        android:supportsRtl="true"
49-->src/main/AndroidManifest.xml:22:9-35
50        android:testOnly="true"
51        android:theme="@style/Theme.Addpost"
51-->src/main/AndroidManifest.xml:23:9-45
52        android:usesCleartextTraffic="true" >
52-->src/main/AndroidManifest.xml:25:9-44
53        <activity android:name="com.example.projectgoteat.CartActivity" />
53-->src/main/AndroidManifest.xml:28:9-50
53-->src/main/AndroidManifest.xml:28:19-47
54        <activity android:name="com.example.projectgoteat.PlacePickerActivity" />
54-->src/main/AndroidManifest.xml:29:9-57
54-->src/main/AndroidManifest.xml:29:19-54
55
56        <meta-data
56-->src/main/AndroidManifest.xml:31:9-33:70
57            android:name="com.google.android.geo.API_KEY"
57-->src/main/AndroidManifest.xml:32:13-58
58            android:value="AIzaSyDChYA47ciPdnpQHHWL3g6AzP7xg31uSQU" />
58-->src/main/AndroidManifest.xml:33:13-68
59
60        <activity
60-->src/main/AndroidManifest.xml:34:9-42:20
61            android:name="com.example.projectgoteat.AddpostActivity"
61-->src/main/AndroidManifest.xml:35:13-44
62            android:exported="true" >
62-->src/main/AndroidManifest.xml:36:13-36
63            <intent-filter>
63-->src/main/AndroidManifest.xml:37:13-41:29
64                <action android:name="android.intent.action.MAIN" />
64-->src/main/AndroidManifest.xml:38:17-69
64-->src/main/AndroidManifest.xml:38:25-66
65
66                <category android:name="android.intent.category.LAUNCHER" />
66-->src/main/AndroidManifest.xml:40:17-77
66-->src/main/AndroidManifest.xml:40:27-74
67            </intent-filter>
68        </activity>
69        <!-- Needs to be explicitly declared on P+ -->
70        <uses-library
70-->[com.google.android.gms:play-services-maps:18.0.0] AndroidManifest.xml:39:9-41:40
71            android:name="org.apache.http.legacy"
71-->[com.google.android.gms:play-services-maps:18.0.0] AndroidManifest.xml:40:13-50
72            android:required="false" />
72-->[com.google.android.gms:play-services-maps:18.0.0] AndroidManifest.xml:41:13-37
73
74        <activity
74-->[com.google.android.gms:play-services-base:18.3.0] AndroidManifest.xml:20:9-22:45
75            android:name="com.google.android.gms.common.api.GoogleApiActivity"
75-->[com.google.android.gms:play-services-base:18.3.0] AndroidManifest.xml:20:19-85
76            android:exported="false"
76-->[com.google.android.gms:play-services-base:18.3.0] AndroidManifest.xml:22:19-43
77            android:theme="@android:style/Theme.Translucent.NoTitleBar" />
77-->[com.google.android.gms:play-services-base:18.3.0] AndroidManifest.xml:21:19-78
78
79        <meta-data
79-->[com.google.android.gms:play-services-basement:18.3.0] AndroidManifest.xml:21:9-23:69
80            android:name="com.google.android.gms.version"
80-->[com.google.android.gms:play-services-basement:18.3.0] AndroidManifest.xml:22:13-58
81            android:value="@integer/google_play_services_version" />
81-->[com.google.android.gms:play-services-basement:18.3.0] AndroidManifest.xml:23:13-66
82
83        <provider
83-->[androidx.emoji2:emoji2:1.2.0] AndroidManifest.xml:24:9-32:20
84            android:name="androidx.startup.InitializationProvider"
84-->[androidx.emoji2:emoji2:1.2.0] AndroidManifest.xml:25:13-67
85            android:authorities="com.example.projectgoteat.androidx-startup"
85-->[androidx.emoji2:emoji2:1.2.0] AndroidManifest.xml:26:13-68
86            android:exported="false" >
86-->[androidx.emoji2:emoji2:1.2.0] AndroidManifest.xml:27:13-37
87            <meta-data
87-->[androidx.emoji2:emoji2:1.2.0] AndroidManifest.xml:29:13-31:52
88                android:name="androidx.emoji2.text.EmojiCompatInitializer"
88-->[androidx.emoji2:emoji2:1.2.0] AndroidManifest.xml:30:17-75
89                android:value="androidx.startup" />
89-->[androidx.emoji2:emoji2:1.2.0] AndroidManifest.xml:31:17-49
90            <meta-data
90-->[androidx.lifecycle:lifecycle-process:2.6.2] AndroidManifest.xml:29:13-31:52
91                android:name="androidx.lifecycle.ProcessLifecycleInitializer"
91-->[androidx.lifecycle:lifecycle-process:2.6.2] AndroidManifest.xml:30:17-78
92                android:value="androidx.startup" />
92-->[androidx.lifecycle:lifecycle-process:2.6.2] AndroidManifest.xml:31:17-49
93            <meta-data
93-->[androidx.profileinstaller:profileinstaller:1.3.1] AndroidManifest.xml:29:13-31:52
94                android:name="androidx.profileinstaller.ProfileInstallerInitializer"
94-->[androidx.profileinstaller:profileinstaller:1.3.1] AndroidManifest.xml:30:17-85
95                android:value="androidx.startup" />
95-->[androidx.profileinstaller:profileinstaller:1.3.1] AndroidManifest.xml:31:17-49
96        </provider>
97
98        <receiver
98-->[androidx.profileinstaller:profileinstaller:1.3.1] AndroidManifest.xml:34:9-52:20
99            android:name="androidx.profileinstaller.ProfileInstallReceiver"
99-->[androidx.profileinstaller:profileinstaller:1.3.1] AndroidManifest.xml:35:13-76
100            android:directBootAware="false"
100-->[androidx.profileinstaller:profileinstaller:1.3.1] AndroidManifest.xml:36:13-44
101            android:enabled="true"
101-->[androidx.profileinstaller:profileinstaller:1.3.1] AndroidManifest.xml:37:13-35
102            android:exported="true"
102-->[androidx.profileinstaller:profileinstaller:1.3.1] AndroidManifest.xml:38:13-36
103            android:permission="android.permission.DUMP" >
103-->[androidx.profileinstaller:profileinstaller:1.3.1] AndroidManifest.xml:39:13-57
104            <intent-filter>
104-->[androidx.profileinstaller:profileinstaller:1.3.1] AndroidManifest.xml:40:13-42:29
105                <action android:name="androidx.profileinstaller.action.INSTALL_PROFILE" />
105-->[androidx.profileinstaller:profileinstaller:1.3.1] AndroidManifest.xml:41:17-91
105-->[androidx.profileinstaller:profileinstaller:1.3.1] AndroidManifest.xml:41:25-88
106            </intent-filter>
107            <intent-filter>
107-->[androidx.profileinstaller:profileinstaller:1.3.1] AndroidManifest.xml:43:13-45:29
108                <action android:name="androidx.profileinstaller.action.SKIP_FILE" />
108-->[androidx.profileinstaller:profileinstaller:1.3.1] AndroidManifest.xml:44:17-85
108-->[androidx.profileinstaller:profileinstaller:1.3.1] AndroidManifest.xml:44:25-82
109            </intent-filter>
110            <intent-filter>
110-->[androidx.profileinstaller:profileinstaller:1.3.1] AndroidManifest.xml:46:13-48:29
111                <action android:name="androidx.profileinstaller.action.SAVE_PROFILE" />
111-->[androidx.profileinstaller:profileinstaller:1.3.1] AndroidManifest.xml:47:17-88
111-->[androidx.profileinstaller:profileinstaller:1.3.1] AndroidManifest.xml:47:25-85
112            </intent-filter>
113            <intent-filter>
113-->[androidx.profileinstaller:profileinstaller:1.3.1] AndroidManifest.xml:49:13-51:29
114                <action android:name="androidx.profileinstaller.action.BENCHMARK_OPERATION" />
114-->[androidx.profileinstaller:profileinstaller:1.3.1] AndroidManifest.xml:50:17-95
114-->[androidx.profileinstaller:profileinstaller:1.3.1] AndroidManifest.xml:50:25-92
115            </intent-filter>
116        </receiver>
117    </application>
118
119</manifest>